  [4;36;1mSQL (0.2ms)[0m   [0;1mSET client_min_messages TO 'panic'[0m
  [4;35;1mSQL (0.1ms)[0m   [0mSET client_min_messages TO 'notice'[0m
  [4;36;1mSQL (8.2ms)[0m   [0;1mCREATE TABLE "schema_migrations" ("version" character varying(255) NOT NULL) [0m
  [4;35;1mSQL (16.6ms)[0m   [0mCREATE UNIQUE INDEX "unique_schema_migrations" ON "schema_migrations" ("version")[0m
  [4;36;1mSQL (0.1ms)[0m   [0;1mSET client_min_messages TO 'panic'[0m
  [4;35;1mSQL (0.1ms)[0m   [0mSET client_min_messages TO 'notice'[0m
  [4;36;1mSQL (0.8ms)[0m   [0;1mSELECT version FROM schema_migrations[0m
Migrating to CreateWorks (20090917180554)
  [4;35;1mSQL (0.1ms)[0m   [0mBEGIN[0m
  [4;36;1mSQL (85.0ms)[0m   [0;1mCREATE TABLE "works" ("id" serial primary key, "title" character varying(255), "description" text, "format" character varying(255), "mod_url" character varying(255), "mp3_url" character varying(255), "created_at" timestamp, "updated_at" timestamp) [0m
  [4;35;1mSQL (1.2ms)[0m   [0mINSERT INTO schema_migrations (version) VALUES ('20090917180554')[0m
  [4;36;1mSQL (3.0ms)[0m   [0;1mCOMMIT[0m
Migrating to CreateComments (20090917180728)
  [4;35;1mSQL (0.9ms)[0m   [0mBEGIN[0m
  [4;36;1mSQL (17.0ms)[0m   [0;1mCREATE TABLE "comments" ("id" serial primary key, "name" character varying(255), "mail" character varying(255), "comment" text, "created_at" timestamp, "updated_at" timestamp) [0m
  [4;35;1mSQL (0.5ms)[0m   [0mINSERT INTO schema_migrations (version) VALUES ('20090917180728')[0m
  [4;36;1mSQL (2.3ms)[0m   [0;1mCOMMIT[0m
Migrating to CreateRates (20090917181000)
  [4;35;1mSQL (0.8ms)[0m   [0mBEGIN[0m
  [4;36;1mSQL (9.9ms)[0m   [0;1mCREATE TABLE "rates" ("id" serial primary key, "name" character varying(255), "rate" integer, "created_at" timestamp, "updated_at" timestamp) [0m
  [4;35;1mSQL (0.4ms)[0m   [0mINSERT INTO schema_migrations (version) VALUES ('20090917181000')[0m
  [4;36;1mSQL (1.2ms)[0m   [0;1mCOMMIT[0m
  [4;35;1mSQL (0.4ms)[0m   [0mSELECT version FROM schema_migrations[0m
